[github.com/flipped-aurora/gin-vue-admin/server]2024/04/16 - 17:04:17.987	[31merror[0m	D:/APractce/gin-vue-admin-2.4.x/server/api/v1/system/sys_initdb.go:34	è‡ªåŠ¨åˆ›å»ºæ•°æ®åº“å¤±è´¥!	{"error": "Error 1130: Host 'user' is not allowed to connect to this MySQL server"}
[github.com/flipped-aurora/gin-vue-admin/server]2024/04/16 - 17:04:22.222	[31merror[0m	D:/APractce/gin-vue-admin-2.4.x/server/api/v1/system/sys_initdb.go:34	è‡ªåŠ¨åˆ›å»ºæ•°æ®åº“å¤±è´¥!	{"error": "Error 1130: Host 'user' is not allowed to connect to this MySQL server"}
[github.com/flipped-aurora/gin-vue-admin/server]2024/04/16 - 17:04:39.007	[31merror[0m	D:/APractce/gin-vue-admin-2.4.x/server/api/v1/system/sys_initdb.go:34	è‡ªåŠ¨åˆ›å»ºæ•°æ®åº“å¤±è´¥!	{"error": "Error 1130: Host 'user' is not allowed to connect to this MySQL server"}
[github.com/flipped-aurora/gin-vue-admin/server]2024/04/17 - 15:33:11.436	[31merror[0m	D:/APractce/gin-vue-admin-2.4.x/server/api/v1/system/sys_api.go:194	æŸ¥è¯¢å¤±è´¥!	{"error": "Error 1146: Table 'gva.sys_customs' doesn't exist"}
[github.com/flipped-aurora/gin-vue-admin/server]2024/04/17 - 16:00:13.681	[31merror[0m	D:/APractce/gin-vue-admin-2.4.x/server/api/v1/system/sys_api.go:184	æ·»åŠ å¤±è´¥!	{"error": "Error 1054: Unknown column 'æ–°å¸ƒå±€' in 'field list'"}
[github.com/flipped-aurora/gin-vue-admin/server]2024/04/17 - 16:01:08.200	[31merror[0m	D:/APractce/gin-vue-admin-2.4.x/server/api/v1/system/sys_api.go:184	æ·»åŠ å¤±è´¥!	{"error": "Error 1054: Unknown column 'xxx' in 'field list'"}
[github.com/flipped-aurora/gin-vue-admin/server]2024/04/17 - 16:01:57.879	[31merror[0m	D:/APractce/gin-vue-admin-2.4.x/server/api/v1/system/sys_api.go:184	æ·»åŠ å¤±è´¥!	{"error": "Error 1054: Unknown column 'xxx' in 'field list'"}
[github.com/flipped-aurora/gin-vue-admin/server]2024/04/17 - 16:51:13.610	[31merror[0m	D:/APractce/gin-vue-admin-2.4.x/server/api/v1/system/sys_api.go:207	ç¼–è¾‘å¤±è´¥!	{"error": "Error 1064: You have an error in your SQL syntax; check the manual that corresponds to your MySQL server version for the right syntax to use near 'PermissionId='444' Where customId = '1'' at line 1"}
[github.com/flipped-aurora/gin-vue-admin/server]2024/04/18 - 15:09:22.219	[31merror[0m	D:/APractce/gin-vue-admin-2.4.x/server/api/v1/system/sys_user.go:35	ç™»é™†å¤±è´¥! ç”¨æˆ·åä¸å­˜åœ¨æˆ–è€…å¯†ç é”™è¯¯!	{"error": "db not init"}
[github.com/flipped-aurora/gin-vue-admin/server]2024/04/18 - 15:09:44.580	[31merror[0m	D:/APractce/gin-vue-admin-2.4.x/server/api/v1/system/sys_user.go:35	ç™»é™†å¤±è´¥! ç”¨æˆ·åä¸å­˜åœ¨æˆ–è€…å¯†ç é”™è¯¯!	{"error": "db not init"}
[github.com/flipped-aurora/gin-vue-admin/server]2024/04/18 - 15:09:58.114	[31merror[0m	D:/APractce/gin-vue-admin-2.4.x/server/api/v1/system/sys_user.go:35	ç™»é™†å¤±è´¥! ç”¨æˆ·åä¸å­˜åœ¨æˆ–è€…å¯†ç é”™è¯¯!	{"error": "db not init"}
[github.com/flipped-aurora/gin-vue-admin/server]2024/04/18 - 15:17:56.619	[31merror[0m	D:/APractce/gin-vue-admin-2.4.x/server/api/v1/system/sys_user.go:35	ç™»é™†å¤±è´¥! ç”¨æˆ·åä¸å­˜åœ¨æˆ–è€…å¯†ç é”™è¯¯!	{"error": "db not init"}
[github.com/flipped-aurora/gin-vue-admin/server]2024/04/18 - 15:18:04.283	[31merror[0m	D:/APractce/gin-vue-admin-2.4.x/server/api/v1/system/sys_user.go:35	ç™»é™†å¤±è´¥! ç”¨æˆ·åä¸å­˜åœ¨æˆ–è€…å¯†ç é”™è¯¯!	{"error": "db not init"}
[github.com/flipped-aurora/gin-vue-admin/server]2024/04/18 - 15:28:16.842	[31merror[0m	D:/APractce/gin-vue-admin-2.4.x/server/api/v1/system/sys_api.go:232	æŸ¥çœ‹å¤±è´¥!	{"error": "Error 1064: You have an error in your SQL syntax; check the manual that corresponds to your MySQL server version for the right syntax to use near '' at line 1"}
[github.com/flipped-aurora/gin-vue-admin/server]2024/04/18 - 15:29:39.229	[31merror[0m	D:/APractce/gin-vue-admin-2.4.x/server/api/v1/system/sys_api.go:232	æŸ¥çœ‹å¤±è´¥!	{"error": "Error 1064: You have an error in your SQL syntax; check the manual that corresponds to your MySQL server version for the right syntax to use near '' at line 1"}
[github.com/flipped-aurora/gin-vue-admin/server]2024/04/19 - 11:51:09.489	[31merror[0m	D:/APractce/gin-vue-admin-2.4.x/server/api/v1/system/sys_api.go:249	ä¿å­˜å¤±è´¥	{"error": "Error 1064: You have an error in your SQL syntax; check the manual that corresponds to your MySQL server version for the right syntax to use near 'LIMIT 1' at line 1"}
[github.com/flipped-aurora/gin-vue-admin/server]2024/04/19 - 14:58:41.129	[31merror[0m	D:/APractce/gin-vue-admin-2.4.x/server/api/v1/system/sys_api.go:249	ä¿å­˜å¤±è´¥	{"error": "Error 1064: You have an error in your SQL syntax; check the manual that corresponds to your MySQL server version for the right syntax to use near 'LIMIT 1' at line 1"}
[github.com/flipped-aurora/gin-vue-admin/server]2024/04/19 - 15:06:59.638	[31merror[0m	D:/APractce/gin-vue-admin-2.4.x/server/core/server.go:48	listen tcp :8888: bind: Only one usage of each socket address (protocol/network address/port) is normally permitted.
[github.com/flipped-aurora/gin-vue-admin/server]2024/04/19 - 15:07:39.503	[31merror[0m	D:/APractce/gin-vue-admin-2.4.x/server/core/server.go:48	listen tcp :8888: bind: Only one usage of each socket address (protocol/network address/port) is normally permitted.
[github.com/flipped-aurora/gin-vue-admin/server]2024/04/19 - 15:11:40.225	[31merror[0m	D:/APractce/gin-vue-admin-2.4.x/server/api/v1/system/sys_api.go:249	ä¿å­˜å¤±è´¥	{"error": "Error 1146: Table 'gva.custom_layouts' doesn't exist"}
[github.com/flipped-aurora/gin-vue-admin/server]2024/04/19 - 15:12:15.042	[31merror[0m	D:/APractce/gin-vue-admin-2.4.x/server/api/v1/system/sys_api.go:249	ä¿å­˜å¤±è´¥	{"error": "Error 1054: Unknown column 'draggable' in 'field list'"}
[github.com/flipped-aurora/gin-vue-admin/server]2024/04/19 - 16:06:57.839	[31merror[0m	D:/APractce/gin-vue-admin-2.4.x/server/api/v1/system/sys_api.go:232	æŸ¥çœ‹å¤±è´¥!	{"error": "Error 1064: You have an error in your SQL syntax; check the manual that corresponds to your MySQL server version for the right syntax to use near '' at line 1"}
[github.com/flipped-aurora/gin-vue-admin/server]2024/04/22 - 10:58:45.435	[31merror[0m	D:/APractce/gin-vue-admin-2.4.x/server/api/v1/system/sys_user.go:35	ç™»é™†å¤±è´¥! ç”¨æˆ·åä¸å­˜åœ¨æˆ–è€…å¯†ç é”™è¯¯!	{"error": "db not init"}
[github.com/flipped-aurora/gin-vue-admin/server]2024/04/24 - 13:50:47.995	[31merror[0m	D:/APractce/gin-vue-admin-2.4.x/server/core/server.go:48	listen tcp :8888: bind: Only one usage of each socket address (protocol/network address/port) is normally permitted.
[github.com/flipped-aurora/gin-vue-admin/server]2024/06/18 - 17:16:39.675	[31merror[0m	D:/APractce/gin-vue-admin-2.4.x/server/api/v1/system/sys_article.go:19	æ·»åŠ å¤±è´¥!	{"error": "Error 1292: Incorrect date value: '0000-00-00' for column 'create_time' at row 1"}
[github.com/flipped-aurora/gin-vue-admin/server]2024/06/18 - 17:18:27.304	[31merror[0m	D:/APractce/gin-vue-admin-2.4.x/server/api/v1/system/sys_article.go:19	æ·»åŠ å¤±è´¥!	{"error": "Error 1292: Incorrect date value: '0000-00-00' for column 'create_time' at row 1"}
[github.com/flipped-aurora/gin-vue-admin/server]2024/06/18 - 17:18:31.154	[31merror[0m	D:/APractce/gin-vue-admin-2.4.x/server/core/server.go:48	listen tcp :8888: bind: Only one usage of each socket address (protocol/network address/port) is normally permitted.
[github.com/flipped-aurora/gin-vue-admin/server]2024/06/18 - 17:18:34.938	[31merror[0m	D:/APractce/gin-vue-admin-2.4.x/server/api/v1/system/sys_article.go:19	æ·»åŠ å¤±è´¥!	{"error": "Error 1292: Incorrect date value: '0000-00-00' for column 'create_time' at row 1"}
[github.com/flipped-aurora/gin-vue-admin/server]2024/06/19 - 10:31:13.298	[31merror[0m	D:/APractce/gin-vue-admin-2.4.x/server/api/v1/system/sys_article.go:43	æŸ¥è¯¢å¤±è´¥!	{"error": "Error 1054: Unknown column 'id' in 'order clause'"}
[github.com/flipped-aurora/gin-vue-admin/server]2024/06/19 - 16:16:03.064	[31merror[0m	D:/APractce/gin-vue-admin-2.4.x/server/api/v1/example/exa_excel.go:69	åŠ è½½æ•°æ®å¤±è´¥!	{"error": "zip: not a valid zip file"}
[github.com/flipped-aurora/gin-vue-admin/server]2024/06/19 - 16:16:14.763	[31merror[0m	D:/APractce/gin-vue-admin-2.4.x/server/api/v1/example/exa_excel.go:69	åŠ è½½æ•°æ®å¤±è´¥!	{"error": "zip: not a valid zip file"}
[github.com/flipped-aurora/gin-vue-admin/server]2024/06/20 - 13:59:47.743	[31merror[0m	D:/APractce/gin-vue-admin-2.4.x/server/middleware/operation.go:73	create operation record error:	{"error": "Error 1366: Incorrect string value: '\\x89PNG\\x0D\\x0A...' for column 'body' at row 1"}
[github.com/flipped-aurora/gin-vue-admin/server]2024/06/20 - 14:23:19.113	[31merror[0m	D:/APractce/gin-vue-admin-2.4.x/server/middleware/operation.go:73	create operation record error:	{"error": "Error 1366: Incorrect string value: '\\x89PNG\\x0D\\x0A...' for column 'body' at row 1"}
[github.com/flipped-aurora/gin-vue-admin/server]2024/06/20 - 14:26:51.145	[31merror[0m	D:/APractce/gin-vue-admin-2.4.x/server/middleware/operation.go:73	create operation record error:	{"error": "Error 1366: Incorrect string value: '\\x89PNG\\x0D\\x0A...' for column 'body' at row 1"}
[github.com/flipped-aurora/gin-vue-admin/server]2024/06/20 - 14:28:48.841	[31merror[0m	D:/APractce/gin-vue-admin-2.4.x/server/middleware/operation.go:73	create operation record error:	{"error": "Error 1366: Incorrect string value: '\\x89PNG\\x0D\\x0A...' for column 'body' at row 1"}
[github.com/flipped-aurora/gin-vue-admin/server]2024/06/20 - 15:05:09.822	[31merror[0m	D:/APractce/gin-vue-admin-2.4.x/server/middleware/operation.go:73	create operation record error:	{"error": "Error 1366: Incorrect string value: '\\x89PNG\\x0D\\x0A...' for column 'body' at row 1"}
[github.com/flipped-aurora/gin-vue-admin/server]2024/06/20 - 15:07:07.351	[31merror[0m	D:/APractce/gin-vue-admin-2.4.x/server/middleware/operation.go:73	create operation record error:	{"error": "Error 1366: Incorrect string value: '\\x89PNG\\x0D\\x0A...' for column 'body' at row 1"}
